# JRE version: OpenJDK Runtime Environment Zulu17.44+53-CA (17.0.8.1+1) (build 17.0.8.1+1-LTS)
# Java VM: OpenJDK 64-Bit Server VM Zulu17.44+53-CA (17.0.8.1+1-LTS, mixed mode, sharing, tiered, compressed oops, compressed class ptrs, g1 gc, windows-amd64)
GC Precious Log:
 CPUs: 12 total, 12 available
 Memory: 16301M
 Large Page Support: Disabled
 NUMA Support: Disabled
 Compressed Oops: Enabled (32-bit)
 Heap Region Size: 1M
 Heap Min Capacity: 256M
 Heap Initial Capacity: 256M
 Heap Max Capacity: 512M
 Pre-touch: Disabled
 Parallel Workers: 10
 Concurrent Workers: 3
 Concurrent Refinement Workers: 10
 Periodic GC: Disabled
Heap:
 garbage-first heap   total 262144K, used 140165K [0x00000000e0000000, 0x0000000100000000)
  region size 1024K, 118 young (120832K), 20 survivors (20480K)
 Metaspace       used 52681K, committed 53312K, reserved 393216K
  class space    used 7384K, committed 7680K, reserved 327680K
GC Heap History (12 events):
Event: 0.501 GC heap before
{Heap before GC invocations=0 (full 0):
 garbage-first heap   total 262144K, used 26624K [0x00000000e0000000, 0x0000000100000000)
  region size 1024K, 23 young (23552K), 0 survivors (0K)
 Metaspace       used 2949K, committed 3072K, reserved 393216K
  class space    used 371K, committed 448K, reserved 327680K
}
Event: 0.522 GC heap after
{Heap after GC invocations=1 (full 0):
 garbage-first heap   total 262144K, used 10631K [0x00000000e0000000, 0x0000000100000000)
  region size 1024K, 3 young (3072K), 3 survivors (3072K)
 Metaspace       used 2949K, committed 3072K, reserved 393216K
  class space    used 371K, committed 448K, reserved 327680K
}
Event: 0.880 GC heap before
{Heap before GC invocations=1 (full 0):
 garbage-first heap   total 262144K, used 38279K [0x00000000e0000000, 0x0000000100000000)
  region size 1024K, 30 young (30720K), 3 survivors (3072K)
 Metaspace       used 4100K, committed 4288K, reserved 393216K
  class space    used 505K, committed 576K, reserved 327680K
}
Event: 0.883 GC heap after
{Heap after GC invocations=2 (full 0):
 garbage-first heap   total 262144K, used 11764K [0x00000000e0000000, 0x0000000100000000)
  region size 1024K, 1 young (1024K), 1 survivors (1024K)
 Metaspace       used 4100K, committed 4288K, reserved 393216K
  class space    used 505K, committed 576K, reserved 327680K
}
Event: 3.844 GC heap before
{Heap before GC invocations=2 (full 0):
 garbage-first heap   total 262144K, used 108020K [0x00000000e0000000, 0x0000000100000000)
  region size 1024K, 94 young (96256K), 1 survivors (1024K)
 Metaspace       used 18132K, committed 18432K, reserved 393216K
  class space    used 2646K, committed 2816K, reserved 327680K
}
Event: 3.976 GC heap after
{Heap after GC invocations=3 (full 0):
 garbage-first heap   total 262144K, used 21684K [0x00000000e0000000, 0x0000000100000000)
  region size 1024K, 11 young (11264K), 11 survivors (11264K)
 Metaspace       used 18132K, committed 18432K, reserved 393216K
  class space    used 2646K, committed 2816K, reserved 327680K
}
Event: 4.427 GC heap before
{Heap before GC invocations=3 (full 0):
 garbage-first heap   total 262144K, used 43188K [0x00000000e0000000, 0x0000000100000000)
  region size 1024K, 33 young (33792K), 11 survivors (11264K)
 Metaspace       used 21233K, committed 21504K, reserved 393216K
  class space    used 3112K, committed 3264K, reserved 327680K
}
Event: 4.444 GC heap after
{Heap after GC invocations=4 (full 0):
 garbage-first heap   total 262144K, used 23423K [0x00000000e0000000, 0x0000000100000000)
  region size 1024K, 12 young (12288K), 12 survivors (12288K)
 Metaspace       used 21233K, committed 21504K, reserved 393216K
  class space    used 3112K, committed 3264K, reserved 327680K
}
Event: 15.911 GC heap before
{Heap before GC invocations=5 (full 0):
 garbage-first heap   total 262144K, used 159615K [0x00000000e0000000, 0x0000000100000000)
  region size 1024K, 140 young (143360K), 12 survivors (12288K)
 Metaspace       used 37626K, committed 38016K, reserved 393216K
  class space    used 5185K, committed 5376K, reserved 327680K
}
Event: 15.917 GC heap after
{Heap after GC invocations=6 (full 0):
 garbage-first heap   total 262144K, used 32980K [0x00000000e0000000, 0x0000000100000000)
  region size 1024K, 11 young (11264K), 11 survivors (11264K)
 Metaspace       used 37626K, committed 38016K, reserved 393216K
  class space    used 5185K, committed 5376K, reserved 327680K
}
Event: 22.170 GC heap before
{Heap before GC invocations=7 (full 0):
 garbage-first heap   total 262144K, used 178388K [0x00000000e0000000, 0x0000000100000000)
  region size 1024K, 153 young (156672K), 11 survivors (11264K)
 Metaspace       used 48912K, committed 49472K, reserved 393216K
  class space    used 6958K, committed 7232K, reserved 327680K
}
Event: 22.178 GC heap after
{Heap after GC invocations=8 (full 0):
 garbage-first heap   total 262144K, used 41861K [0x00000000e0000000, 0x0000000100000000)
  region size 1024K, 20 young (20480K), 20 survivors (20480K)
 Metaspace       used 48912K, committed 49472K, reserved 393216K
  class space    used 6958K, committed 7232K, reserved 327680K
}

