# JRE version: OpenJDK Runtime Environment Zulu17.44+53-CA (17.0.8.1+1) (build 17.0.8.1+1-LTS)
# Java VM: OpenJDK 64-Bit Server VM Zulu17.44+53-CA (17.0.8.1+1-LTS, mixed mode, sharing, tiered, compressed oops, compressed class ptrs, g1 gc, windows-amd64)
GC Precious Log:
 CPUs: 12 total, 12 available
 Memory: 16301M
 Large Page Support: Disabled
 NUMA Support: Disabled
 Compressed Oops: Enabled (32-bit)
 Heap Region Size: 1M
 Heap Min Capacity: 256M
 Heap Initial Capacity: 256M
 Heap Max Capacity: 512M
 Pre-touch: Disabled
 Parallel Workers: 10
 Concurrent Workers: 3
 Concurrent Refinement Workers: 10
 Periodic GC: Disabled
Heap:
 garbage-first heap   total 262144K, used 179011K [0x00000000e0000000, 0x0000000100000000)
  region size 1024K, 158 young (161792K), 20 survivors (20480K)
 Metaspace       used 57979K, committed 58560K, reserved 393216K
  class space    used 8178K, committed 8448K, reserved 327680K
GC Heap History (11 events):
Event: 0.721 GC heap before
{Heap before GC invocations=0 (full 0):
 garbage-first heap   total 262144K, used 26624K [0x00000000e0000000, 0x0000000100000000)
  region size 1024K, 23 young (23552K), 0 survivors (0K)
 Metaspace       used 3076K, committed 3200K, reserved 393216K
  class space    used 394K, committed 448K, reserved 327680K
}
Event: 0.944 GC heap after
{Heap after GC invocations=1 (full 0):
 garbage-first heap   total 262144K, used 10657K [0x00000000e0000000, 0x0000000100000000)
  region size 1024K, 3 young (3072K), 3 survivors (3072K)
 Metaspace       used 3076K, committed 3200K, reserved 393216K
  class space    used 394K, committed 448K, reserved 327680K
}
Event: 1.344 GC heap before
{Heap before GC invocations=1 (full 0):
 garbage-first heap   total 262144K, used 38305K [0x00000000e0000000, 0x0000000100000000)
  region size 1024K, 30 young (30720K), 3 survivors (3072K)
 Metaspace       used 4096K, committed 4224K, reserved 393216K
  class space    used 504K, committed 576K, reserved 327680K
}
Event: 1.347 GC heap after
{Heap after GC invocations=2 (full 0):
 garbage-first heap   total 262144K, used 11505K [0x00000000e0000000, 0x0000000100000000)
  region size 1024K, 1 young (1024K), 1 survivors (1024K)
 Metaspace       used 4096K, committed 4224K, reserved 393216K
  class space    used 504K, committed 576K, reserved 327680K
}
Event: 5.071 GC heap before
{Heap before GC invocations=2 (full 0):
 garbage-first heap   total 262144K, used 127217K [0x00000000e0000000, 0x0000000100000000)
  region size 1024K, 115 young (117760K), 1 survivors (1024K)
 Metaspace       used 21223K, committed 21504K, reserved 393216K
  class space    used 3109K, committed 3264K, reserved 327680K
}
Event: 5.082 GC heap after
{Heap after GC invocations=3 (full 0):
 garbage-first heap   total 262144K, used 22816K [0x00000000e0000000, 0x0000000100000000)
  region size 1024K, 12 young (12288K), 12 survivors (12288K)
 Metaspace       used 21223K, committed 21504K, reserved 393216K
  class space    used 3109K, committed 3264K, reserved 327680K
}
Event: 16.381 GC heap before
{Heap before GC invocations=4 (full 0):
 garbage-first heap   total 262144K, used 135456K [0x00000000e0000000, 0x0000000100000000)
  region size 1024K, 119 young (121856K), 12 survivors (12288K)
 Metaspace       used 35602K, committed 35968K, reserved 393216K
  class space    used 4975K, committed 5184K, reserved 327680K
}
Event: 16.389 GC heap after
{Heap after GC invocations=5 (full 0):
 garbage-first heap   total 262144K, used 31249K [0x00000000e0000000, 0x0000000100000000)
  region size 1024K, 9 young (9216K), 9 survivors (9216K)
 Metaspace       used 35602K, committed 35968K, reserved 393216K
  class space    used 4975K, committed 5184K, reserved 327680K
}
Event: 23.137 GC heap before
{Heap before GC invocations=6 (full 0):
 garbage-first heap   total 262144K, used 179729K [0x00000000e0000000, 0x0000000100000000)
  region size 1024K, 153 young (156672K), 9 survivors (9216K)
 Metaspace       used 48662K, committed 49152K, reserved 393216K
  class space    used 6747K, committed 6976K, reserved 327680K
}
Event: 23.144 GC heap after
{Heap after GC invocations=7 (full 0):
 garbage-first heap   total 262144K, used 37699K [0x00000000e0000000, 0x0000000100000000)
  region size 1024K, 15 young (15360K), 15 survivors (15360K)
 Metaspace       used 48662K, committed 49152K, reserved 393216K
  class space    used 6747K, committed 6976K, reserved 327680K
}
Event: 28.330 GC heap before
{Heap before GC invocations=7 (full 0):
 garbage-first heap   total 262144K, used 177987K [0x00000000e0000000, 0x0000000100000000)
  region size 1024K, 153 young (156672K), 15 survivors (15360K)
 Metaspace       used 57979K, committed 58560K, reserved 393216K
  class space    used 8178K, committed 8448K, reserved 327680K
}

