# JRE version: OpenJDK Runtime Environment Zulu17.44+53-CA (17.0.8.1+1) (build 17.0.8.1+1-LTS)
# Java VM: OpenJDK 64-Bit Server VM Zulu17.44+53-CA (17.0.8.1+1-LTS, mixed mode, sharing, tiered, compressed oops, compressed class ptrs, g1 gc, windows-amd64)
GC Precious Log:
 CPUs: 12 total, 12 available
 Memory: 16301M
 Large Page Support: Disabled
 NUMA Support: Disabled
 Compressed Oops: Enabled (32-bit)
 Heap Region Size: 1M
 Heap Min Capacity: 256M
 Heap Initial Capacity: 256M
 Heap Max Capacity: 512M
 Pre-touch: Disabled
 Parallel Workers: 10
 Concurrent Workers: 3
 Concurrent Refinement Workers: 10
 Periodic GC: Disabled
Heap:
 garbage-first heap   total 262144K, used 117156K [0x00000000e0000000, 0x0000000100000000)
  region size 1024K, 85 young (87040K), 1 survivors (1024K)
 Metaspace       used 44932K, committed 45440K, reserved 393216K
  class space    used 6291K, committed 6528K, reserved 327680K
GC Heap History (14 events):
Event: 0.402 GC heap before
{Heap before GC invocations=0 (full 0):
 garbage-first heap   total 262144K, used 27648K [0x00000000e0000000, 0x0000000100000000)
  region size 1024K, 23 young (23552K), 0 survivors (0K)
 Metaspace       used 3030K, committed 3136K, reserved 393216K
  class space    used 387K, committed 448K, reserved 327680K
}
Event: 0.404 GC heap after
{Heap after GC invocations=1 (full 0):
 garbage-first heap   total 262144K, used 11043K [0x00000000e0000000, 0x0000000100000000)
  region size 1024K, 3 young (3072K), 3 survivors (3072K)
 Metaspace       used 3030K, committed 3136K, reserved 393216K
  class space    used 387K, committed 448K, reserved 327680K
}
Event: 0.599 GC heap before
{Heap before GC invocations=1 (full 0):
 garbage-first heap   total 262144K, used 38691K [0x00000000e0000000, 0x0000000100000000)
  region size 1024K, 30 young (30720K), 3 survivors (3072K)
 Metaspace       used 4096K, committed 4288K, reserved 393216K
  class space    used 504K, committed 576K, reserved 327680K
}
Event: 0.601 GC heap after
{Heap after GC invocations=2 (full 0):
 garbage-first heap   total 262144K, used 11654K [0x00000000e0000000, 0x0000000100000000)
  region size 1024K, 1 young (1024K), 1 survivors (1024K)
 Metaspace       used 4096K, committed 4288K, reserved 393216K
  class space    used 504K, committed 576K, reserved 327680K
}
Event: 4.172 GC heap before
{Heap before GC invocations=2 (full 0):
 garbage-first heap   total 262144K, used 125318K [0x00000000e0000000, 0x0000000100000000)
  region size 1024K, 111 young (113664K), 1 survivors (1024K)
 Metaspace       used 20604K, committed 20864K, reserved 393216K
  class space    used 3033K, committed 3136K, reserved 327680K
}
Event: 4.180 GC heap after
{Heap after GC invocations=3 (full 0):
 garbage-first heap   total 262144K, used 22903K [0x00000000e0000000, 0x0000000100000000)
  region size 1024K, 12 young (12288K), 12 survivors (12288K)
 Metaspace       used 20604K, committed 20864K, reserved 393216K
  class space    used 3033K, committed 3136K, reserved 327680K
}
Event: 4.272 GC heap before
{Heap before GC invocations=3 (full 0):
 garbage-first heap   total 262144K, used 28023K [0x00000000e0000000, 0x0000000100000000)
  region size 1024K, 18 young (18432K), 12 survivors (12288K)
 Metaspace       used 21258K, committed 21504K, reserved 393216K
  class space    used 3112K, committed 3264K, reserved 327680K
}
Event: 4.276 GC heap after
{Heap after GC invocations=4 (full 0):
 garbage-first heap   total 262144K, used 23720K [0x00000000e0000000, 0x0000000100000000)
  region size 1024K, 1 young (1024K), 1 survivors (1024K)
 Metaspace       used 21258K, committed 21504K, reserved 393216K
  class space    used 3112K, committed 3264K, reserved 327680K
}
Event: 22.509 GC heap before
{Heap before GC invocations=5 (full 0):
 garbage-first heap   total 262144K, used 144552K [0x00000000e0000000, 0x0000000100000000)
  region size 1024K, 116 young (118784K), 1 survivors (1024K)
 Metaspace       used 35580K, committed 35968K, reserved 393216K
  class space    used 4904K, committed 5120K, reserved 327680K
}
Event: 22.513 GC heap after
{Heap after GC invocations=6 (full 0):
 garbage-first heap   total 262144K, used 31456K [0x00000000e0000000, 0x0000000100000000)
  region size 1024K, 9 young (9216K), 9 survivors (9216K)
 Metaspace       used 35580K, committed 35968K, reserved 393216K
  class space    used 4904K, committed 5120K, reserved 327680K
}
Event: 22.539 GC heap before
{Heap before GC invocations=6 (full 0):
 garbage-first heap   total 262144K, used 34528K [0x00000000e0000000, 0x0000000100000000)
  region size 1024K, 12 young (12288K), 9 survivors (9216K)
 Metaspace       used 35898K, committed 36224K, reserved 393216K
  class space    used 4964K, committed 5120K, reserved 327680K
}
Event: 22.544 GC heap after
{Heap after GC invocations=7 (full 0):
 garbage-first heap   total 262144K, used 31649K [0x00000000e0000000, 0x0000000100000000)
  region size 1024K, 1 young (1024K), 1 survivors (1024K)
 Metaspace       used 35898K, committed 36224K, reserved 393216K
  class space    used 4964K, committed 5120K, reserved 327680K
}
Event: 22.549 GC heap before
{Heap before GC invocations=7 (full 0):
 garbage-first heap   total 262144K, used 31649K [0x00000000e0000000, 0x0000000100000000)
  region size 1024K, 2 young (2048K), 1 survivors (1024K)
 Metaspace       used 35969K, committed 36288K, reserved 393216K
  class space    used 4972K, committed 5120K, reserved 327680K
}
Event: 22.549 GC heap after
{Heap after GC invocations=8 (full 0):
 garbage-first heap   total 262144K, used 31140K [0x00000000e0000000, 0x0000000100000000)
  region size 1024K, 1 young (1024K), 1 survivors (1024K)
 Metaspace       used 35969K, committed 36288K, reserved 393216K
  class space    used 4972K, committed 5120K, reserved 327680K
}

